error: 参数错误
eg. python resign.py 2333 d:/redbird.apk
解包中...
/Users/haizhou/Documents/zhixin/test/KaiWanLe-Project-v3.0.apk
成功解压到: 
/Users/haizhou/Documents/zhixin/test/KaiWanLe-Project-v3.0_233
检查签名...
解包中...
/Users/haizhou/Documents/zhixin/test/KaiWanLe-Project-v3.0.apk
成功解压到: 
/Users/haizhou/Documents/zhixin/test/KaiWanLe-Project-v3.0_233
检查签名...
解包中...
/Users/haizhou/Documents/zhixin/test/KaiWanLe-Project-v3.0.apk
成功解压到: 
/Users/haizhou/Documents/zhixin/test/KaiWanLe-Project-v3.0_233
检查签名...
找到签名文件：
/Users/haizhou/Documents/zhixin/customer-hn787878-20160315.keystore
定位config.json文件...
找到配置文件: 
/Users/haizhou/Documents/zhixin/test/KaiWanLe-Project-v3.0_233/assets/config.json
写入代理商字段...
删除签名...
解包中...
/Users/haizhou/Documents/zhixin/test/KaiWanLe-Project-v3.0.apk
成功解压到: 
/Users/haizhou/Documents/zhixin/test/KaiWanLe-Project-v3.0_233
检查签名...
找到签名文件：
/Users/haizhou/Documents/zhixin/customer-hn787878-20160315.keystore
定位config.json文件...
找到配置文件: 
/Users/haizhou/Documents/zhixin/test/KaiWanLe-Project-v3.0_233/assets/config.json
写入代理商字段...
删除签名...
/Users/haizhou/Documents/zhixin/test/KaiWanLe-Project-v3.0_233/META-INF
签名删除成功！
解包中...
/Users/haizhou/Documents/zhixin/test/KaiWanLe-Project-v3.0.apk
成功解压到: 
/Users/haizhou/Documents/zhixin/test/KaiWanLe-Project-v3.0_233
检查签名...
找到签名文件：
/Users/haizhou/Documents/zhixin/customer-hn787878-20160315.keystore
定位config.json文件...
找到配置文件: 
/Users/haizhou/Documents/zhixin/test/KaiWanLe-Project-v3.0_233/assets/config.json
写入代理商字段...
删除签名...
/Users/haizhou/Documents/zhixin/test/KaiWanLe-Project-v3.0_233/META-INF
签名删除成功！
重新打包中...
/Users/haizhou/Documents/zhixin/test/KaiWanLe-Project-v3.0_233.apk
重新签名中...
签名成功！
/Users/haizhou/Documents/zhixin/test/KaiWanLe-Project-v3.0_233.apk
清理作案现场...
解包中...
/Users/haizhou/Documents/zhixin/test/KaiWanLe-Project-v3.0.apk
成功解压到: 
/Users/haizhou/Documents/zhixin/test/KaiWanLe-Project-v3.0_233
检查签名...
找到签名文件：
/Users/haizhou/Documents/zhixin/customer-hn787878-20160315.keystore
定位config.json文件...
找到配置文件: 
/Users/haizhou/Documents/zhixin/test/KaiWanLe-Project-v3.0_233/assets/config.json
写入代理商字段...
删除签名...
/Users/haizhou/Documents/zhixin/test/KaiWanLe-Project-v3.0_233/META-INF
签名删除成功！
重新打包中...
/Users/haizhou/Documents/zhixin/test/KaiWanLe-Project-v3.0_233.apk
重新签名中...
签名成功！
/Users/haizhou/Documents/zhixin/test/KaiWanLe-Project-v3.0_233.apk
清理作案现场...
解包中...
/Users/haizhou/Documents/zhixin/test/KaiWanLe-Project-v3.0.apk
成功解压到: 
/Users/haizhou/Documents/zhixin/test/KaiWanLe-Project-v3.0_233
检查签名...
找到签名文件：
/Users/haizhou/Documents/zhixin/customer-hn787878-20160315.keystore
定位config.json文件...
找到配置文件: 
/Users/haizhou/Documents/zhixin/test/KaiWanLe-Project-v3.0_233/assets/config.json
写入代理商字段...
删除签名...
/Users/haizhou/Documents/zhixin/test/KaiWanLe-Project-v3.0_233/META-INF
签名删除成功！
重新打包中...
/Users/haizhou/Documents/zhixin/test/KaiWanLe-Project-v3.0_233.apk
重新签名中...
签名成功！
/Users/haizhou/Documents/zhixin/test/KaiWanLe-Project-v3.0_233.apk
清理作案现场...
解包中...
/Users/haizhou/Documents/zhixin/download/zhixin.apk
成功解压到: 
/Users/haizhou/Documents/zhixin/download/zhixin_2333
检查签名...
找到签名文件：
/Users/haizhou/Documents/zhixin/customer-hn787878-20160315.keystore
定位config.json文件...
找到配置文件: 
/Users/haizhou/Documents/zhixin/download/zhixin_2333/assets/config.json
写入代理商字段...
删除签名...
/Users/haizhou/Documents/zhixin/download/zhixin_2333/META-INF
签名删除成功！
重新打包中...
/Users/haizhou/Documents/zhixin/download/zhixin_2333.apk
重新签名中...
签名成功！
/Users/haizhou/Documents/zhixin/download/zhixin_2333.apk
清理作案现场...
解包中...
/Users/haizhou/Documents/zhixin/download/zhixin.apk
成功解压到: 
/Users/haizhou/Documents/zhixin/download2333
检查签名...
找到签名文件：
/Users/haizhou/Documents/zhixin/customer-hn787878-20160315.keystore
定位config.json文件...
找到配置文件: 
/Users/haizhou/Documents/zhixin/download2333/assets/config.json
写入代理商字段...
删除签名...
/Users/haizhou/Documents/zhixin/download2333/META-INF
签名删除成功！
重新打包中...
/Users/haizhou/Documents/zhixin/download2333.apk
重新签名中...
签名成功！
/Users/haizhou/Documents/zhixin/download2333.apk
清理作案现场...
解包中...
/Users/haizhou/Documents/zhixin/download/zhixin.apk
成功解压到: 
/Users/haizhou/Documents/zhixin/download/2333
检查签名...
找到签名文件：
/Users/haizhou/Documents/zhixin/customer-hn787878-20160315.keystore
定位config.json文件...
找到配置文件: 
/Users/haizhou/Documents/zhixin/download/2333/assets/config.json
写入代理商字段...
删除签名...
/Users/haizhou/Documents/zhixin/download/2333/META-INF
签名删除成功！
重新打包中...
/Users/haizhou/Documents/zhixin/download/2333.apk
重新签名中...
签名成功！
/Users/haizhou/Documents/zhixin/download/2333.apk
清理作案现场...
解包中...
/Users/haizhou/Documents/zhixin/download/zhixin.apk
成功解压到: 
/Users/haizhou/Documents/zhixin/download/2333
检查签名...
找到签名文件：
/Users/haizhou/Documents/zhixin/customer-hn787878-20160315.keystore
定位config.json文件...
找到配置文件: 
/Users/haizhou/Documents/zhixin/download/2333/assets/config.json
写入代理商字段...
删除签名...
/Users/haizhou/Documents/zhixin/download/2333/META-INF
签名删除成功！
重新打包中...
/Users/haizhou/Documents/zhixin/download/2333.apk
重新签名中...
签名成功！
/Users/haizhou/Documents/zhixin/download/2333.apk
清理作案现场...
解包中...
./download/zhixin.apk
成功解压到: 
./download/2333
检查签名...
找到签名文件：
/Users/haizhou/Documents/zhixin/customer-hn787878-20160315.keystore
定位config.json文件...
找到配置文件: 
./download/2333/assets/config.json
写入代理商字段...
删除签名...
./download/2333/META-INF
签名删除成功！
重新打包中...
./download/2333.apk
重新签名中...
签名成功！
./download/2333.apk
清理作案现场...
解包中...
/Users/haizhou/Documents/zhixin/./download/zhixin.apk
成功解压到: 
/Users/haizhou/Documents/zhixin/./download/2333
检查签名...
找到签名文件：
/Users/haizhou/Documents/zhixin/customer-hn787878-20160315.keystore
定位config.json文件...
找到配置文件: 
/Users/haizhou/Documents/zhixin/./download/2333/assets/config.json
写入代理商字段...
删除签名...
/Users/haizhou/Documents/zhixin/./download/2333/META-INF
签名删除成功！
重新打包中...
/Users/haizhou/Documents/zhixin/./download/2333.apk
重新签名中...
签名成功！
/Users/haizhou/Documents/zhixin/./download/2333.apk
清理作案现场...
解包中...
/Users/haizhou/Documents/zhixin/download/zhixin.apk
成功解压到: 
/Users/haizhou/Documents/zhixin/download/2333
检查签名...
找到签名文件：
/Users/haizhou/Documents/zhixin/customer-hn787878-20160315.keystore
定位config.json文件...
找到配置文件: 
/Users/haizhou/Documents/zhixin/download/2333/assets/config.json
写入代理商字段...
删除签名...
/Users/haizhou/Documents/zhixin/download/2333/META-INF
签名删除成功！
重新打包中...
/Users/haizhou/Documents/zhixin/download/2333.apk
重新签名中...
签名成功！
/Users/haizhou/Documents/zhixin/download/2333.apk
清理作案现场...
